  MVDesign.cpp
D:\Material\Projects\MachineVisionDesign\MVDesign\MVDesign.cpp(32,56): warning C4244: “参数”: 从“double”转换到“float”，可能丢失数据
D:\Material\Projects\MachineVisionDesign\MVDesign\MVDesign.cpp(43,19): warning C4244: “=”: 从“double”转换到“float”，可能丢失数据
D:\Material\Projects\MachineVisionDesign\MVDesign\MVDesign.cpp(92,12): warning C4244: “初始化”: 从“double”转换到“float”，可能丢失数据
D:\Material\Projects\MachineVisionDesign\MVDesign\MVDesign.cpp(93,55): warning C4244: “参数”: 从“int”转换到“float”，可能丢失数据
D:\Material\Projects\MachineVisionDesign\MVDesign\MVDesign.cpp(93,36): warning C4244: “参数”: 从“int”转换到“float”，可能丢失数据
D:\Material\Projects\MachineVisionDesign\MVDesign\MVDesign.cpp(94,13): warning C4244: “初始化”: 从“double”转换到“float”，可能丢失数据
D:\Material\Projects\MachineVisionDesign\MVDesign\MVDesign.cpp(94,50): warning C4244: “初始化”: 从“double”转换到“float”，可能丢失数据
D:\Material\Projects\MachineVisionDesign\MVDesign\MVDesign.cpp(97,66): warning C4244: “参数”: 从“float”转换到“_Tp”，可能丢失数据
          with
          [
              _Tp=int
          ]
D:\Material\Projects\MachineVisionDesign\MVDesign\MVDesign.cpp(97,36): warning C4244: “参数”: 从“float”转换到“_Tp”，可能丢失数据
          with
          [
              _Tp=int
          ]
D:\Material\Projects\MachineVisionDesign\MVDesign\MVDesign.cpp(97,133): warning C4244: “参数”: 从“float”转换到“_Tp”，可能丢失数据
          with
          [
              _Tp=int
          ]
D:\Material\Projects\MachineVisionDesign\MVDesign\MVDesign.cpp(97,103): warning C4244: “参数”: 从“float”转换到“_Tp”，可能丢失数据
          with
          [
              _Tp=int
          ]
D:\Material\Projects\MachineVisionDesign\MVDesign\MVDesign.cpp(98,66): warning C4244: “参数”: 从“float”转换到“_Tp”，可能丢失数据
          with
          [
              _Tp=int
          ]
D:\Material\Projects\MachineVisionDesign\MVDesign\MVDesign.cpp(98,36): warning C4244: “参数”: 从“float”转换到“_Tp”，可能丢失数据
          with
          [
              _Tp=int
          ]
D:\Material\Projects\MachineVisionDesign\MVDesign\MVDesign.cpp(98,133): warning C4244: “参数”: 从“float”转换到“_Tp”，可能丢失数据
          with
          [
              _Tp=int
          ]
D:\Material\Projects\MachineVisionDesign\MVDesign\MVDesign.cpp(98,103): warning C4244: “参数”: 从“float”转换到“_Tp”，可能丢失数据
          with
          [
              _Tp=int
          ]
D:\Material\Projects\MachineVisionDesign\MVDesign\MVDesign.cpp(99,66): warning C4244: “参数”: 从“float”转换到“_Tp”，可能丢失数据
          with
          [
              _Tp=int
          ]
D:\Material\Projects\MachineVisionDesign\MVDesign\MVDesign.cpp(99,36): warning C4244: “参数”: 从“float”转换到“_Tp”，可能丢失数据
          with
          [
              _Tp=int
          ]
D:\Material\Projects\MachineVisionDesign\MVDesign\MVDesign.cpp(99,133): warning C4244: “参数”: 从“float”转换到“_Tp”，可能丢失数据
          with
          [
              _Tp=int
          ]
D:\Material\Projects\MachineVisionDesign\MVDesign\MVDesign.cpp(99,103): warning C4244: “参数”: 从“float”转换到“_Tp”，可能丢失数据
          with
          [
              _Tp=int
          ]
D:\Material\Projects\MachineVisionDesign\MVDesign\MVDesign.cpp(100,66): warning C4244: “参数”: 从“float”转换到“_Tp”，可能丢失数据
          with
          [
              _Tp=int
          ]
D:\Material\Projects\MachineVisionDesign\MVDesign\MVDesign.cpp(100,36): warning C4244: “参数”: 从“float”转换到“_Tp”，可能丢失数据
          with
          [
              _Tp=int
          ]
D:\Material\Projects\MachineVisionDesign\MVDesign\MVDesign.cpp(100,133): warning C4244: “参数”: 从“float”转换到“_Tp”，可能丢失数据
          with
          [
              _Tp=int
          ]
D:\Material\Projects\MachineVisionDesign\MVDesign\MVDesign.cpp(100,103): warning C4244: “参数”: 从“float”转换到“_Tp”，可能丢失数据
          with
          [
              _Tp=int
          ]
  MVDesign.vcxproj -> D:\Material\Projects\MachineVisionDesign\x64\Debug\MVDesign.exe
